desc: --heap=yes --stacks=yes --massif-out-file=massif.out
cmd: ./speller dictionaries/large texts/holmes.txt
time_unit: i
#-----------
snapshot=0
#-----------
time=0
mem_heap_B=0
mem_heap_extra_B=0
mem_stacks_B=0
heap_tree=empty
#-----------
snapshot=1
#-----------
time=87299862
mem_heap_B=1439312
mem_heap_extra_B=409928
mem_stacks_B=3008
heap_tree=detailed
n2: 1439312 (heap allocation functions) malloc/new/new[], --alloc-fns, etc.
 n1: 1434664 0x401344: load (dictionary.c:85)
  n0: 1434664 0x400A63: main (speller.c:40)
 n0: 4648 in 2 places, all below massif's threshold (1.00%)
#-----------
snapshot=2
#-----------
time=145594624
mem_heap_B=2343096
mem_heap_extra_B=668152
mem_stacks_B=1256
heap_tree=empty
#-----------
snapshot=3
#-----------
time=230956103
mem_heap_B=3710392
mem_heap_extra_B=1058824
mem_stacks_B=3008
heap_tree=detailed
n2: 3710392 (heap allocation functions) malloc/new/new[], --alloc-fns, etc.
 n1: 3705744 0x401344: load (dictionary.c:85)
  n0: 3705744 0x400A63: main (speller.c:40)
 n0: 4648 in 2 places, all below massif's threshold (1.00%)
#-----------
snapshot=4
#-----------
time=336092858
mem_heap_B=5412904
mem_heap_extra_B=1545256
mem_stacks_B=2968
heap_tree=empty
#-----------
snapshot=5
#-----------
time=427392412
mem_heap_B=6879376
mem_heap_extra_B=1964248
mem_stacks_B=3008
heap_tree=detailed
n2: 6879376 (heap allocation functions) malloc/new/new[], --alloc-fns, etc.
 n1: 6874728 0x401344: load (dictionary.c:85)
  n0: 6874728 0x400A63: main (speller.c:40)
 n0: 4648 in 2 places, all below massif's threshold (1.00%)
#-----------
snapshot=6
#-----------
time=496856871
mem_heap_B=7987336
mem_heap_extra_B=2280808
mem_stacks_B=3008
heap_tree=peak
n2: 7987336 (heap allocation functions) malloc/new/new[], --alloc-fns, etc.
 n1: 7982688 0x401344: load (dictionary.c:85)
  n0: 7982688 0x400A63: main (speller.c:40)
 n0: 4648 in 2 places, all below massif's threshold (1.00%)
#-----------
snapshot=7
#-----------
time=549852885
mem_heap_B=8018768
mem_heap_extra_B=2289504
mem_stacks_B=928
heap_tree=empty
#-----------
snapshot=8
#-----------
time=632291130
mem_heap_B=8018768
mem_heap_extra_B=2289504
mem_stacks_B=864
heap_tree=empty
#-----------
snapshot=9
#-----------
time=691175585
mem_heap_B=8018768
mem_heap_extra_B=2289504
mem_stacks_B=824
heap_tree=empty
#-----------
snapshot=10
#-----------
time=777217605
mem_heap_B=8018768
mem_heap_extra_B=2289504
mem_stacks_B=1160
heap_tree=empty
#-----------
snapshot=11
#-----------
time=862644711
mem_heap_B=8018768
mem_heap_extra_B=2289504
mem_stacks_B=1160
heap_tree=empty
#-----------
snapshot=12
#-----------
time=919595943
mem_heap_B=8018768
mem_heap_extra_B=2289504
mem_stacks_B=864
heap_tree=empty
#-----------
snapshot=13
#-----------
time=976547219
mem_heap_B=8018768
mem_heap_extra_B=2289504
mem_stacks_B=864
heap_tree=empty
#-----------
snapshot=14
#-----------
time=1071466217
mem_heap_B=8018768
mem_heap_extra_B=2289504
mem_stacks_B=872
heap_tree=empty
#-----------
snapshot=15
#-----------
time=1156893034
mem_heap_B=8018768
mem_heap_extra_B=2289504
mem_stacks_B=872
heap_tree=empty
#-----------
snapshot=16
#-----------
time=1204352406
mem_heap_B=8018768
mem_heap_extra_B=2289504
mem_stacks_B=872
heap_tree=empty
#-----------
snapshot=17
#-----------
time=1274853976
mem_heap_B=8018768
mem_heap_extra_B=2289504
mem_stacks_B=1160
heap_tree=empty
#-----------
snapshot=18
#-----------
time=1339921437
mem_heap_B=8018768
mem_heap_extra_B=2289504
mem_stacks_B=872
heap_tree=empty
#-----------
snapshot=19
#-----------
time=1421255835
mem_heap_B=8018768
mem_heap_extra_B=2289504
mem_stacks_B=872
heap_tree=empty
#-----------
snapshot=20
#-----------
time=1502590196
mem_heap_B=8018768
mem_heap_extra_B=2289504
mem_stacks_B=864
heap_tree=empty
#-----------
snapshot=21
#-----------
time=1551390902
mem_heap_B=8018768
mem_heap_extra_B=2289504
mem_stacks_B=1160
heap_tree=empty
#-----------
snapshot=22
#-----------
time=1616458398
mem_heap_B=8018768
mem_heap_extra_B=2289504
mem_stacks_B=864
heap_tree=empty
#-----------
snapshot=23
#-----------
time=1665259020
mem_heap_B=8018768
mem_heap_extra_B=2289504
mem_stacks_B=864
heap_tree=empty
#-----------
snapshot=24
#-----------
time=1730326517
mem_heap_B=8018768
mem_heap_extra_B=2289504
mem_stacks_B=864
heap_tree=empty
#-----------
snapshot=25
#-----------
time=1795394042
mem_heap_B=8018768
mem_heap_extra_B=2289504
mem_stacks_B=864
heap_tree=detailed
n2: 8018768 (heap allocation functions) malloc/new/new[], --alloc-fns, etc.
 n1: 8013096 0x401344: load (dictionary.c:85)
  n0: 8013096 0x400A63: main (speller.c:40)
 n0: 5672 in 2 places, all below massif's threshold (1.00%)
#-----------
snapshot=26
#-----------
time=1860461571
mem_heap_B=8018768
mem_heap_extra_B=2289504
mem_stacks_B=864
heap_tree=empty
#-----------
snapshot=27
#-----------
time=1941795982
mem_heap_B=8018768
mem_heap_extra_B=2289504
mem_stacks_B=864
heap_tree=empty
#-----------
snapshot=28
#-----------
time=2006863454
mem_heap_B=8018768
mem_heap_extra_B=2289504
mem_stacks_B=872
heap_tree=empty
#-----------
snapshot=29
#-----------
time=2083779759
mem_heap_B=8018768
mem_heap_extra_B=2289504
mem_stacks_B=864
heap_tree=empty
#-----------
snapshot=30
#-----------
time=2140011155
mem_heap_B=8018768
mem_heap_extra_B=2289504
mem_stacks_B=872
heap_tree=empty
#-----------
snapshot=31
#-----------
time=2196242581
mem_heap_B=8018768
mem_heap_extra_B=2289504
mem_stacks_B=872
heap_tree=empty
#-----------
snapshot=32
#-----------
time=2280589710
mem_heap_B=8018768
mem_heap_extra_B=2289504
mem_stacks_B=864
heap_tree=empty
#-----------
snapshot=33
#-----------
time=2364936820
mem_heap_B=8018768
mem_heap_extra_B=2289504
mem_stacks_B=864
heap_tree=empty
#-----------
snapshot=34
#-----------
time=2449283962
mem_heap_B=8018768
mem_heap_extra_B=2289504
mem_stacks_B=872
heap_tree=detailed
n2: 8018768 (heap allocation functions) malloc/new/new[], --alloc-fns, etc.
 n1: 8013096 0x401344: load (dictionary.c:85)
  n0: 8013096 0x400A63: main (speller.c:40)
 n0: 5672 in 2 places, all below massif's threshold (1.00%)
#-----------
snapshot=35
#-----------
time=2505515408
mem_heap_B=8018768
mem_heap_extra_B=2289504
mem_stacks_B=864
heap_tree=empty
#-----------
snapshot=36
#-----------
time=2589862535
mem_heap_B=8018768
mem_heap_extra_B=2289504
mem_stacks_B=864
heap_tree=empty
#-----------
snapshot=37
#-----------
time=2646093976
mem_heap_B=8018768
mem_heap_extra_B=2289504
mem_stacks_B=864
heap_tree=empty
#-----------
snapshot=38
#-----------
time=2702325387
mem_heap_B=8018768
mem_heap_extra_B=2289504
mem_stacks_B=864
heap_tree=empty
#-----------
snapshot=39
#-----------
time=2786672501
mem_heap_B=8018768
mem_heap_extra_B=2289504
mem_stacks_B=872
heap_tree=empty
#-----------
snapshot=40
#-----------
time=2842903975
mem_heap_B=8018768
mem_heap_extra_B=2289504
mem_stacks_B=872
heap_tree=empty
#-----------
snapshot=41
#-----------
time=2927251159
mem_heap_B=8018768
mem_heap_extra_B=2289504
mem_stacks_B=872
heap_tree=empty
#-----------
snapshot=42
#-----------
time=2983482567
mem_heap_B=8018768
mem_heap_extra_B=2289504
mem_stacks_B=1016
heap_tree=empty
#-----------
snapshot=43
#-----------
time=3039713988
mem_heap_B=8018768
mem_heap_extra_B=2289504
mem_stacks_B=1016
heap_tree=empty
#-----------
snapshot=44
#-----------
time=3095945419
mem_heap_B=8018768
mem_heap_extra_B=2289504
mem_stacks_B=872
heap_tree=empty
#-----------
snapshot=45
#-----------
time=3180292514
mem_heap_B=8018768
mem_heap_extra_B=2289504
mem_stacks_B=864
heap_tree=empty
#-----------
snapshot=46
#-----------
time=3236523941
mem_heap_B=8018768
mem_heap_extra_B=2289504
mem_stacks_B=960
heap_tree=empty
#-----------
snapshot=47
#-----------
time=3292755386
mem_heap_B=8018768
mem_heap_extra_B=2289504
mem_stacks_B=864
heap_tree=detailed
n2: 8018768 (heap allocation functions) malloc/new/new[], --alloc-fns, etc.
 n1: 8013096 0x401344: load (dictionary.c:85)
  n0: 8013096 0x400A63: main (speller.c:40)
 n0: 5672 in 2 places, all below massif's threshold (1.00%)
#-----------
snapshot=48
#-----------
time=3377102512
mem_heap_B=8018768
mem_heap_extra_B=2289504
mem_stacks_B=864
heap_tree=empty
#-----------
snapshot=49
#-----------
time=3461449634
mem_heap_B=8018768
mem_heap_extra_B=2289504
mem_stacks_B=864
heap_tree=empty
#-----------
snapshot=50
#-----------
time=3508909019
mem_heap_B=8018768
mem_heap_extra_B=2289504
mem_stacks_B=872
heap_tree=empty
#-----------
snapshot=51
#-----------
time=3556368409
mem_heap_B=8018768
mem_heap_extra_B=2289504
mem_stacks_B=864
heap_tree=empty
#-----------
snapshot=52
#-----------
time=3603827786
mem_heap_B=8018768
mem_heap_extra_B=2289504
mem_stacks_B=824
heap_tree=empty
#-----------
snapshot=53
#-----------
time=3651287165
mem_heap_B=8018768
mem_heap_extra_B=2289504
mem_stacks_B=872
heap_tree=detailed
n2: 8018768 (heap allocation functions) malloc/new/new[], --alloc-fns, etc.
 n1: 8013096 0x401344: load (dictionary.c:85)
  n0: 8013096 0x400A63: main (speller.c:40)
 n0: 5672 in 2 places, all below massif's threshold (1.00%)
#-----------
snapshot=54
#-----------
time=3698746543
mem_heap_B=8018768
mem_heap_extra_B=2289504
mem_stacks_B=824
heap_tree=empty
#-----------
snapshot=55
#-----------
time=3746205951
mem_heap_B=8018768
mem_heap_extra_B=2289504
mem_stacks_B=864
heap_tree=empty
#-----------
snapshot=56
#-----------
time=3793665337
mem_heap_B=8018768
mem_heap_extra_B=2289504
mem_stacks_B=872
heap_tree=empty
#-----------
snapshot=57
#-----------
time=3841124746
mem_heap_B=8018768
mem_heap_extra_B=2289504
mem_stacks_B=864
heap_tree=empty
#-----------
snapshot=58
#-----------
time=3888584128
mem_heap_B=8018768
mem_heap_extra_B=2289504
mem_stacks_B=872
heap_tree=empty
#-----------
snapshot=59
#-----------
time=3936043647
mem_heap_B=8018768
mem_heap_extra_B=2289504
mem_stacks_B=928
heap_tree=empty
#-----------
snapshot=60
#-----------
time=3983503050
mem_heap_B=8018768
mem_heap_extra_B=2289504
mem_stacks_B=864
heap_tree=empty
#-----------
snapshot=61
#-----------
time=4030962425
mem_heap_B=8018768
mem_heap_extra_B=2289504
mem_stacks_B=960
heap_tree=empty
#-----------
snapshot=62
#-----------
time=4078421855
mem_heap_B=8018768
mem_heap_extra_B=2289504
mem_stacks_B=928
heap_tree=empty
#-----------
snapshot=63
#-----------
time=4125881240
mem_heap_B=8018768
mem_heap_extra_B=2289504
mem_stacks_B=1016
heap_tree=detailed
n2: 8018768 (heap allocation functions) malloc/new/new[], --alloc-fns, etc.
 n1: 8013096 0x401344: load (dictionary.c:85)
  n0: 8013096 0x400A63: main (speller.c:40)
 n0: 5672 in 2 places, all below massif's threshold (1.00%)
#-----------
snapshot=64
#-----------
time=4173340616
mem_heap_B=8018768
mem_heap_extra_B=2289504
mem_stacks_B=864
heap_tree=empty
#-----------
snapshot=65
#-----------
time=4220800041
mem_heap_B=8018768
mem_heap_extra_B=2289504
mem_stacks_B=1160
heap_tree=empty
#-----------
snapshot=66
#-----------
time=4268259417
mem_heap_B=8018768
mem_heap_extra_B=2289504
mem_stacks_B=872
heap_tree=empty
#-----------
snapshot=67
#-----------
time=4315718800
mem_heap_B=8018768
mem_heap_extra_B=2289504
mem_stacks_B=1160
heap_tree=empty
#-----------
snapshot=68
#-----------
time=4363178176
mem_heap_B=8018768
mem_heap_extra_B=2289504
mem_stacks_B=864
heap_tree=empty
#-----------
snapshot=69
#-----------
time=4410637550
mem_heap_B=8018768
mem_heap_extra_B=2289504
mem_stacks_B=960
heap_tree=empty
#-----------
snapshot=70
#-----------
time=4458096924
mem_heap_B=8018768
mem_heap_extra_B=2289504
mem_stacks_B=872
heap_tree=empty
#-----------
snapshot=71
#-----------
time=4505556316
mem_heap_B=8018768
mem_heap_extra_B=2289504
mem_stacks_B=864
heap_tree=empty
#-----------
snapshot=72
#-----------
time=4553015691
mem_heap_B=8018768
mem_heap_extra_B=2289504
mem_stacks_B=832
heap_tree=empty
#-----------
snapshot=73
#-----------
time=4600475076
mem_heap_B=8018768
mem_heap_extra_B=2289504
mem_stacks_B=872
heap_tree=detailed
n2: 8018768 (heap allocation functions) malloc/new/new[], --alloc-fns, etc.
 n1: 8013096 0x401344: load (dictionary.c:85)
  n0: 8013096 0x400A63: main (speller.c:40)
 n0: 5672 in 2 places, all below massif's threshold (1.00%)
#-----------
snapshot=74
#-----------
time=4647934463
mem_heap_B=8018768
mem_heap_extra_B=2289504
mem_stacks_B=872
heap_tree=empty
#-----------
snapshot=75
#-----------
time=4695393851
mem_heap_B=8018768
mem_heap_extra_B=2289504
mem_stacks_B=864
heap_tree=empty
#-----------
snapshot=76
#-----------
time=4742853226
mem_heap_B=8018768
mem_heap_extra_B=2289504
mem_stacks_B=824
heap_tree=empty
#-----------
snapshot=77
#-----------
time=4790312604
mem_heap_B=8018768
mem_heap_extra_B=2289504
mem_stacks_B=872
heap_tree=empty
#-----------
snapshot=78
#-----------
time=4837771983
mem_heap_B=8018768
mem_heap_extra_B=2289504
mem_stacks_B=936
heap_tree=empty
#-----------
snapshot=79
#-----------
time=4885231361
mem_heap_B=8018768
mem_heap_extra_B=2289504
mem_stacks_B=872
heap_tree=empty
#-----------
snapshot=80
#-----------
time=4932690748
mem_heap_B=8018768
mem_heap_extra_B=2289504
mem_stacks_B=864
heap_tree=empty
#-----------
snapshot=81
#-----------
time=4980150120
mem_heap_B=8018768
mem_heap_extra_B=2289504
mem_stacks_B=864
heap_tree=empty
#-----------
snapshot=82
#-----------
time=5027609512
mem_heap_B=8018768
mem_heap_extra_B=2289504
mem_stacks_B=864
heap_tree=empty
#-----------
snapshot=83
#-----------
time=5075068907
mem_heap_B=8018768
mem_heap_extra_B=2289504
mem_stacks_B=864
heap_tree=detailed
n2: 8018768 (heap allocation functions) malloc/new/new[], --alloc-fns, etc.
 n1: 8013096 0x401344: load (dictionary.c:85)
  n0: 8013096 0x400A63: main (speller.c:40)
 n0: 5672 in 2 places, all below massif's threshold (1.00%)
#-----------
snapshot=84
#-----------
time=5122528284
mem_heap_B=8018768
mem_heap_extra_B=2289504
mem_stacks_B=872
heap_tree=empty
#-----------
snapshot=85
#-----------
time=5169987661
mem_heap_B=8018768
mem_heap_extra_B=2289504
mem_stacks_B=872
heap_tree=empty
#-----------
snapshot=86
#-----------
time=5217447033
mem_heap_B=8018768
mem_heap_extra_B=2289504
mem_stacks_B=824
heap_tree=empty
#-----------
snapshot=87
#-----------
time=5264906423
mem_heap_B=8018768
mem_heap_extra_B=2289504
mem_stacks_B=1016
heap_tree=empty
#-----------
snapshot=88
#-----------
time=5312365818
mem_heap_B=8018768
mem_heap_extra_B=2289504
mem_stacks_B=864
heap_tree=empty
#-----------
snapshot=89
#-----------
time=5359825196
mem_heap_B=8018768
mem_heap_extra_B=2289504
mem_stacks_B=864
heap_tree=empty
#-----------
snapshot=90
#-----------
time=5407284574
mem_heap_B=8018768
mem_heap_extra_B=2289504
mem_stacks_B=1016
heap_tree=empty
#-----------
snapshot=91
#-----------
time=5454743967
mem_heap_B=8018768
mem_heap_extra_B=2289504
mem_stacks_B=864
heap_tree=empty
#-----------
snapshot=92
#-----------
time=5502203436
mem_heap_B=8018768
mem_heap_extra_B=2289504
mem_stacks_B=928
heap_tree=empty
#-----------
snapshot=93
#-----------
time=5549662834
mem_heap_B=8018768
mem_heap_extra_B=2289504
mem_stacks_B=864
heap_tree=detailed
n2: 8018768 (heap allocation functions) malloc/new/new[], --alloc-fns, etc.
 n1: 8013096 0x401344: load (dictionary.c:85)
  n0: 8013096 0x400A63: main (speller.c:40)
 n0: 5672 in 2 places, all below massif's threshold (1.00%)
#-----------
snapshot=94
#-----------
time=5597122218
mem_heap_B=8018768
mem_heap_extra_B=2289504
mem_stacks_B=936
heap_tree=empty
#-----------
snapshot=95
#-----------
time=5644581621
mem_heap_B=8018768
mem_heap_extra_B=2289504
mem_stacks_B=864
heap_tree=empty
#-----------
snapshot=96
#-----------
time=5692041011
mem_heap_B=8018768
mem_heap_extra_B=2289504
mem_stacks_B=928
heap_tree=empty
